<?xml version="1.0" encoding="UTF-8"?>
<testng-results skipped="0" failed="0" ignored="0" total="1" passed="1">
  <reporter-output>
  </reporter-output>
  <suite name="Default suite" duration-ms="58" started-at="2019-09-23T13:14:10Z" finished-at="2019-09-23T13:14:10Z">
    <groups>
    </groups>
    <test name="Default test" duration-ms="58" started-at="2019-09-23T13:14:10Z" finished-at="2019-09-23T13:14:10Z">
      <class name="QaclickAcademy.appium">
        <test-method status="PASS" signature="appiumTest()[pri:0, instance:QaclickAcademy.appium@6c3708b3]" name="appiumTest" duration-ms="14" started-at="2019-09-23T13:14:10Z" finished-at="2019-09-23T13:14:10Z">
          <reporter-output>
          </reporter-output>
        </test-method> <!-- appiumTest -->
      </class> <!-- QaclickAcademy.appium -->
    </test> <!-- Default test -->
  </suite> <!-- Default suite -->
</testng-results>
